<?xml version="1.0" encoding="UTF-8"?>
<!-- Generated by org.testng.reporters.JUnitXMLReporter -->
<testsuite ignored="1" hostname="DESKTOP-HR4HVE7" failures="0" tests="2" name="Test" time="12.688" errors="0" timestamp="2022-05-15T13:42:42 IST">
  <testcase classname="com.learning.testcases.LoginPageTest" name="test1" time="6.982"/>
  <testcase classname="com.learning.testcases.HomePageTest" name="test3" time="5.653"/>
  <testcase classname="com.learning.testcases.LoginPageTest" name="test2" time="0.0">
    <ignored/>
  </testcase> <!-- test2 -->
</testsuite> <!-- Test -->
