<?xml version="1.0" encoding="UTF-8"?>
<testng-results ignored="1" total="3" passed="2" failed="0" skipped="0">
  <reporter-output>
  </reporter-output>
  <suite started-at="2022-05-15T13:42:29 IST" name="Suite" finished-at="2022-05-15T13:42:41 IST" duration-ms="12688">
    <groups>
    </groups>
    <test started-at="2022-05-15T13:42:29 IST" name="Test" finished-at="2022-05-15T13:42:41 IST" duration-ms="12688">
      <class name="com.learning.testcases.LoginPageTest">
        <test-method signature="test1()[pri:0, instance:com.learning.testcases.LoginPageTest@6631f5ca]" started-at="2022-05-15T13:42:29 IST" name="test1" finished-at="2022-05-15T13:42:36 IST" duration-ms="6982" status="PASS">
          <reporter-output>
          </reporter-output>
        </test-method> <!-- test1 -->
      </class> <!-- com.learning.testcases.LoginPageTest -->
      <class name="com.learning.testcases.HomePageTest">
        <test-method signature="test3()[pri:0, instance:com.learning.testcases.HomePageTest@29d89d5d]" started-at="2022-05-15T13:42:36 IST" name="test3" finished-at="2022-05-15T13:42:41 IST" duration-ms="5653" status="PASS">
          <reporter-output>
          </reporter-output>
        </test-method> <!-- test3 -->
      </class> <!-- com.learning.testcases.HomePageTest -->
    </test> <!-- Test -->
  </suite> <!-- Suite -->
</testng-results>
