<?xml version="1.0" encoding="UTF-8"?>
<!-- Generated by org.testng.reporters.JUnitXMLReporter -->
<testsuite ignored="1" hostname="DESKTOP-HR4HVE7" failures="0" tests="1" name="Default test" time="9.993" errors="0" timestamp="2022-05-15T13:28:59 IST">
  <testcase classname="com.learning.testcases.LoginPageTest" name="test1" time="9.901"/>
  <testcase classname="com.learning.testcases.LoginPageTest" name="test2" time="0.0">
    <ignored/>
  </testcase> <!-- test2 -->
</testsuite> <!-- Default test -->
